#-----------------------------------------------------------
# PlanAhead v14.7 (64-bit)
# Build 321239 by xbuild on Fri Sep 27 19:29:51 MDT 2013
# Start of session at: Mon Apr 22 17:45:43 2019
# Process ID: 5572
# Log file: C:/Dropbox/Lensless 3D imager/33 NeuroSPADProbe OK/Nov2018_quadprobe_v1_03mmfpc_pll_intclk/planAhead_run_3/planAhead.log
# Journal file: C:/Dropbox/Lensless 3D imager/33 NeuroSPADProbe OK/Nov2018_quadprobe_v1_03mmfpc_pll_intclk/planAhead_run_3/planAhead.jou
#-----------------------------------------------------------
INFO: [Common 17-78] Attempting to get a license: PlanAhead
INFO: [Common 17-290] Got license for PlanAhead
INFO: [Device 21-36] Loading parts and site information from C:/Xilinx/14.7/ISE_DS/PlanAhead/data/parts/arch.xml
Parsing RTL primitives file [C:/Xilinx/14.7/ISE_DS/PlanAhead/data/parts/xilinx/rtl/prims/rtl_prims.xml]
Finished parsing RTL primitives file [C:/Xilinx/14.7/ISE_DS/PlanAhead/data/parts/xilinx/rtl/prims/rtl_prims.xml]
start_gui
source {C:/Dropbox/Lensless 3D imager/33 NeuroSPADProbe OK/Nov2018_quadprobe_v1_03mmfpc_pll_intclk/pa.fromNetlist.tcl}
# create_project -name NeuroSPADProbe_OBIS -dir "C:/Dropbox/Lensless 3D imager/33 NeuroSPADProbe OK/Nov2018_quadprobe_v1_03mmfpc_pll_intclk/planAhead_run_4" -part xc6slx45fgg484-2
create_project: Time (s): elapsed = 00:00:14 . Memory (MB): peak = 382.461 ; gain = 75.055
# set_property design_mode GateLvl [get_property srcset [current_run -impl]]
# set_property edif_top_file "C:/Dropbox/Lensless 3D imager/33 NeuroSPADProbe OK/Nov2018_quadprobe_v1_03mmfpc_pll_intclk/NeuroSPADProbe_OBIS.ngc" [ get_property srcset [ current_run ] ]
# add_files -norecurse { {C:/Dropbox/Lensless 3D imager/33 NeuroSPADProbe OK/Nov2018_quadprobe_v1_03mmfpc_pll_intclk} {../at_modules/opalkelly} {../at_modules/fifo} }
# add_files [list {../at_modules/fifo/FIFO_I128b_O32b.ncf}] -fileset [get_property constrset [current_run]]
# add_files [list {../at_modules/fifo/FIFO_I16b_O128b.ncf}] -fileset [get_property constrset [current_run]]
# add_files [list {../at_modules/fifo/FIFO_I64b_O512b.ncf}] -fileset [get_property constrset [current_run]]
# set_property target_constrs_file "2019quadprobev1.ucf" [current_fileset -constrset]
Adding file 'C:/Dropbox/Lensless 3D imager/33 NeuroSPADProbe OK/Nov2018_quadprobe_v1_03mmfpc_pll_intclk/2019quadprobev1.ucf' to fileset 'constrs_1'
# add_files [list {2019quadprobev1.ucf}] -fileset [get_property constrset [current_run]]
# link_design
Design is defaulting to srcset: sources_1
Design is defaulting to constrset: constrs_1
Design is defaulting to project part: xc6slx45fgg484-2
Release 14.7 - ngc2edif P.20131013 (nt64)
Copyright (c) 1995-2013 Xilinx, Inc.  All rights reserved.
Reading design NeuroSPADProbe_OBIS.ngc ...
WARNING:NetListWriters:298 - No output is written to NeuroSPADProbe_OBIS.xncf,
   ignored.
Processing design ...
   Preping design's networks ...
   Preping design's macros ...
WARNING:NetListWriters:306 - Signal bus ep00wire<8 : 0> on block
   NeuroSPADProbe_OBIS is not reconstructed, because there are some missing bus
   signals.
WARNING:NetListWriters:306 - Signal bus ep05wire<31 : 0> on block
   NeuroSPADProbe_OBIS is not reconstructed, because there are some missing bus
   signals.
WARNING:NetListWriters:306 - Signal bus ep07wire<31 : 0> on block
   NeuroSPADProbe_OBIS is not reconstructed, because there are some missing bus
   signals.
WARNING:NetListWriters:306 - Signal bus ep09wire<31 : 0> on block
   NeuroSPADProbe_OBIS is not reconstructed, because there are some missing bus
   signals.
WARNING:NetListWriters:306 - Signal bus ep14wire<31 : 0> on block
   NeuroSPADProbe_OBIS is not reconstructed, because there are some missing bus
   signals.
WARNING:NetListWriters:306 - Signal bus
   MIG/memc3_wrapper_inst/memc3_mcb_raw_wrapper_inst/gen_term_calib.mcb_soft_cal
   ibration_top_inst/mcb_soft_calibration_inst/_n2118<8 : 1> on block
   NeuroSPADProbe_OBIS is not reconstructed, because there are some missing bus
   signals.
WARNING:NetListWriters:306 - Signal bus
   MIG/memc3_wrapper_inst/memc3_mcb_raw_wrapper_inst/gen_term_calib.mcb_soft_cal
   ibration_top_inst/mcb_soft_calibration_inst/IODRPCTRLR_MEMCELL_ADDR<7 : 0> on
   block NeuroSPADProbe_OBIS is not reconstructed, because there are some
   missing bus signals.
WARNING:NetListWriters:306 - Signal bus
   MIG/memc3_wrapper_inst/memc3_mcb_raw_wrapper_inst/gen_term_calib.mcb_soft_cal
   ibration_top_inst/mcb_soft_calibration_inst/iodrp_controller_inst/memcell_add
   r_reg<7 : 0> on block NeuroSPADProbe_OBIS is not reconstructed, because there
   are some missing bus signals.
WARNING:NetListWriters:306 - Signal bus
   MIG/memc3_wrapper_inst/memc3_mcb_raw_wrapper_inst/gen_term_calib.mcb_soft_cal
   ibration_top_inst/mcb_soft_calibration_inst/iodrp_mcb_controller_inst/memcell
   _addr_reg<7 : 0> on block NeuroSPADProbe_OBIS is not reconstructed, because
   there are some missing bus signals.
WARNING:NetListWriters:306 - Signal bus
   pll_Prog_AT/CLKOUT0_DUTY[21]_PWR_306_o_div_0/Madd_a[31]_GND_3581_o_add_63_OUT
   [31:0]_Madd_lut<30 : 7> on block NeuroSPADProbe_OBIS is not reconstructed,
   because there are some missing bus signals.
WARNING:NetListWriters:306 - Signal bus
   pll_Prog_AT/CLKOUT1_DUTY[21]_PWR_306_o_div_24/Madd_a[31]_GND_3581_o_add_63_OU
   T[31:0]_Madd_lut<30 : 7> on block NeuroSPADProbe_OBIS is not reconstructed,
   because there are some missing bus signals.
WARNING:NetListWriters:306 - Signal bus
   pll_Prog_AT/CLKOUT2_DUTY[21]_PWR_306_o_div_48/Madd_a[31]_GND_3581_o_add_63_OU
   T[31:0]_Madd_lut<30 : 7> on block NeuroSPADProbe_OBIS is not reconstructed,
   because there are some missing bus signals.
WARNING:NetListWriters:306 - Signal bus
   pll_Prog_AT/CLKOUT3_DUTY[21]_PWR_306_o_div_72/Madd_a[31]_GND_3581_o_add_63_OU
   T[31:0]_Madd_lut<30 : 7> on block NeuroSPADProbe_OBIS is not reconstructed,
   because there are some missing bus signals.
WARNING:NetListWriters:306 - Signal bus
   pll_Prog_AT/CLKOUT0_DUTY[21]_PWR_306_o_div_0/Madd_a[31]_GND_3581_o_add_61_OUT
   [31:0]_Madd_lut<31 : 8> on block NeuroSPADProbe_OBIS is not reconstructed,
   because there are some missing bus signals.
WARNING:NetListWriters:306 - Signal bus
   pll_Prog_AT/CLKOUT1_DUTY[21]_PWR_306_o_div_24/Madd_a[31]_GND_3581_o_add_61_OU
   T[31:0]_Madd_lut<31 : 8> on block NeuroSPADProbe_OBIS is not reconstructed,
   because there are some missing bus signals.
WARNING:NetListWriters:306 - Signal bus
   pll_Prog_AT/CLKOUT2_DUTY[21]_PWR_306_o_div_48/Madd_a[31]_GND_3581_o_add_61_OU
   T[31:0]_Madd_lut<31 : 8> on block NeuroSPADProbe_OBIS is not reconstructed,
   because there are some missing bus signals.
WARNING:NetListWriters:306 - Signal bus
   pll_Prog_AT/CLKOUT3_DUTY[21]_PWR_306_o_div_72/Madd_a[31]_GND_3581_o_add_61_OU
   T[31:0]_Madd_lut<31 : 8> on block NeuroSPADProbe_OBIS is not reconstructed,
   because there are some missing bus signals.
WARNING:NetListWriters:306 - Signal bus
   pll_Prog_AT/CLKOUT0_DUTY[21]_PWR_306_o_div_0/Madd_a[31]_GND_3581_o_add_59_OUT
   [31:0]_Madd_lut<31 : 9> on block NeuroSPADProbe_OBIS is not reconstructed,
   because there are some missing bus signals.
WARNING:NetListWriters:306 - Signal bus
   pll_Prog_AT/CLKOUT1_DUTY[21]_PWR_306_o_div_24/Madd_a[31]_GND_3581_o_add_59_OU
   T[31:0]_Madd_lut<31 : 9> on block NeuroSPADProbe_OBIS is not reconstructed,
   because there are some missing bus signals.
WARNING:NetListWriters:306 - Signal bus
   pll_Prog_AT/CLKOUT2_DUTY[21]_PWR_306_o_div_48/Madd_a[31]_GND_3581_o_add_59_OU
   T[31:0]_Madd_lut<31 : 9> on block NeuroSPADProbe_OBIS is not reconstructed,
   because there are some missing bus signals.
WARNING:NetListWriters:306 - Signal bus
   pll_Prog_AT/CLKOUT3_DUTY[21]_PWR_306_o_div_72/Madd_a[31]_GND_3581_o_add_59_OU
   T[31:0]_Madd_lut<31 : 9> on block NeuroSPADProbe_OBIS is not reconstructed,
   because there are some missing bus signals.
WARNING:NetListWriters:306 - Signal bus
   pll_Prog_AT/CLKOUT0_DUTY[21]_PWR_306_o_div_0/Madd_a[31]_GND_3581_o_add_57_OUT
   _Madd_lut<31 : 10> on block NeuroSPADProbe_OBIS is not reconstructed, because
   there are some missing bus signals.
WARNING:NetListWriters:306 - Signal bus
   pll_Prog_AT/CLKOUT1_DUTY[21]_PWR_306_o_div_24/Madd_a[31]_GND_3581_o_add_57_OU
   T_Madd_lut<31 : 10> on block NeuroSPADProbe_OBIS is not reconstructed,
   because there are some missing bus signals.
WARNING:NetListWriters:306 - Signal bus
   pll_Prog_AT/CLKOUT2_DUTY[21]_PWR_306_o_div_48/Madd_a[31]_GND_3581_o_add_57_OU
   T_Madd_lut<31 : 10> on block NeuroSPADProbe_OBIS is not reconstructed,
   because there are some missing bus signals.
WARNING:NetListWriters:306 - Signal bus
   pll_Prog_AT/CLKOUT3_DUTY[21]_PWR_306_o_div_72/Madd_a[31]_GND_3581_o_add_57_OU
   T_Madd_lut<31 : 10> on block NeuroSPADProbe_OBIS is not reconstructed,
   because there are some missing bus signals.
WARNING:NetListWriters:306 - Signal bus
   pll_Prog_AT/CLKOUT0_DUTY[21]_PWR_306_o_div_0/Madd_a[31]_GND_3581_o_add_55_OUT
   _Madd_lut<31 : 11> on block NeuroSPADProbe_OBIS is not reconstructed, because
   there are some missing bus signals.
WARNING:NetListWriters:306 - Signal bus
   pll_Prog_AT/CLKOUT1_DUTY[21]_PWR_306_o_div_24/Madd_a[31]_GND_3581_o_add_55_OU
   T_Madd_lut<31 : 11> on block NeuroSPADProbe_OBIS is not reconstructed,
   because there are some missing bus signals.
WARNING:NetListWriters:306 - Signal bus
   pll_Prog_AT/CLKOUT2_DUTY[21]_PWR_306_o_div_48/Madd_a[31]_GND_3581_o_add_55_OU
   T_Madd_lut<31 : 11> on block NeuroSPADProbe_OBIS is not reconstructed,
   because there are some missing bus signals.
WARNING:NetListWriters:306 - Signal bus
   pll_Prog_AT/CLKOUT3_DUTY[21]_PWR_306_o_div_72/Madd_a[31]_GND_3581_o_add_55_OU
   T_Madd_lut<31 : 11> on block NeuroSPADProbe_OBIS is not reconstructed,
   because there are some missing bus signals.
WARNING:NetListWriters:306 - Signal bus
   pll_Prog_AT/CLKOUT0_DUTY[21]_PWR_306_o_div_0/Madd_a[31]_GND_3581_o_add_53_OUT
   _Madd_lut<30 : 12> on block NeuroSPADProbe_OBIS is not reconstructed, because
   there are some missing bus signals.
WARNING:NetListWriters:306 - Signal bus
   pll_Prog_AT/CLKOUT1_DUTY[21]_PWR_306_o_div_24/Madd_a[31]_GND_3581_o_add_53_OU
   T_Madd_lut<30 : 12> on block NeuroSPADProbe_OBIS is not reconstructed,
   because there are some missing bus signals.
WARNING:NetListWriters:306 - Signal bus
   pll_Prog_AT/CLKOUT2_DUTY[21]_PWR_306_o_div_48/Madd_a[31]_GND_3581_o_add_53_OU
   T_Madd_lut<30 : 12> on block NeuroSPADProbe_OBIS is not reconstructed,
   because there are some missing bus signals.
WARNING:NetListWriters:306 - Signal bus
   pll_Prog_AT/CLKOUT3_DUTY[21]_PWR_306_o_div_72/Madd_a[31]_GND_3581_o_add_53_OU
   T_Madd_lut<30 : 12> on block NeuroSPADProbe_OBIS is not reconstructed,
   because there are some missing bus signals.
WARNING:NetListWriters:306 - Signal bus
   pll_Prog_AT/CLKOUT0_DUTY[21]_PWR_306_o_div_0/Madd_a[31]_GND_3581_o_add_51_OUT
   _Madd_lut<31 : 13> on block NeuroSPADProbe_OBIS is not reconstructed, because
   there are some missing bus signals.
WARNING:NetListWriters:306 - Signal bus
   pll_Prog_AT/CLKOUT1_DUTY[21]_PWR_306_o_div_24/Madd_a[31]_GND_3581_o_add_51_OU
   T_Madd_lut<31 : 13> on block NeuroSPADProbe_OBIS is not reconstructed,
   because there are some missing bus signals.
WARNING:NetListWriters:306 - Signal bus
   pll_Prog_AT/CLKOUT2_DUTY[21]_PWR_306_o_div_48/Madd_a[31]_GND_3581_o_add_51_OU
   T_Madd_lut<31 : 13> on block NeuroSPADProbe_OBIS is not reconstructed,
   because there are some missing bus signals.
WARNING:NetListWriters:306 - Signal bus
   pll_Prog_AT/CLKOUT3_DUTY[21]_PWR_306_o_div_72/Madd_a[31]_GND_3581_o_add_51_OU
   T_Madd_lut<31 : 13> on block NeuroSPADProbe_OBIS is not reconstructed,
   because there are some missing bus signals.
WARNING:NetListWriters:306 - Signal bus
   pll_Prog_AT/CLKOUT0_DUTY[21]_PWR_306_o_div_0/Madd_a[31]_GND_3581_o_add_49_OUT
   _Madd_lut<31 : 14> on block NeuroSPADProbe_OBIS is not reconstructed, because
   there are some missing bus signals.
WARNING:NetListWriters:306 - Signal bus
   pll_Prog_AT/CLKOUT1_DUTY[21]_PWR_306_o_div_24/Madd_a[31]_GND_3581_o_add_49_OU
   T_Madd_lut<31 : 14> on block NeuroSPADProbe_OBIS is not reconstructed,
   because there are some missing bus signals.
WARNING:NetListWriters:306 - Signal bus
   pll_Prog_AT/CLKOUT2_DUTY[21]_PWR_306_o_div_48/Madd_a[31]_GND_3581_o_add_49_OU
   T_Madd_lut<31 : 14> on block NeuroSPADProbe_OBIS is not reconstructed,
   because there are some missing bus signals.
WARNING:NetListWriters:306 - Signal bus
   pll_Prog_AT/CLKOUT3_DUTY[21]_PWR_306_o_div_72/Madd_a[31]_GND_3581_o_add_49_OU
   T_Madd_lut<31 : 14> on block NeuroSPADProbe_OBIS is not reconstructed,
   because there are some missing bus signals.
WARNING:NetListWriters:306 - Signal bus
   pll_Prog_AT/CLKOUT0_DUTY[21]_PWR_306_o_div_0/Madd_a[31]_GND_3581_o_add_47_OUT
   _Madd_lut<31 : 15> on block NeuroSPADProbe_OBIS is not reconstructed, because
   there are some missing bus signals.
WARNING:NetListWriters:306 - Signal bus
   pll_Prog_AT/CLKOUT1_DUTY[21]_PWR_306_o_div_24/Madd_a[31]_GND_3581_o_add_47_OU
   T_Madd_lut<31 : 15> on block NeuroSPADProbe_OBIS is not reconstructed,
   because there are some missing bus signals.
WARNING:NetListWriters:306 - Signal bus
   pll_Prog_AT/CLKOUT2_DUTY[21]_PWR_306_o_div_48/Madd_a[31]_GND_3581_o_add_47_OU
   T_Madd_lut<31 : 15> on block NeuroSPADProbe_OBIS is not reconstructed,
   because there are some missing bus signals.
WARNING:NetListWriters:306 - Signal bus
   pll_Prog_AT/CLKOUT3_DUTY[21]_PWR_306_o_div_72/Madd_a[31]_GND_3581_o_add_47_OU
   T_Madd_lut<31 : 15> on block NeuroSPADProbe_OBIS is not reconstructed,
   because there are some missing bus signals.
WARNING:NetListWriters:306 - Signal bus
   pll_Prog_AT/CLKOUT0_DUTY[21]_PWR_306_o_div_0/Madd_a[31]_GND_3581_o_add_45_OUT
   _Madd_lut<31 : 16> on block NeuroSPADProbe_OBIS is not reconstructed, because
   there are some missing bus signals.
WARNING:NetListWriters:306 - Signal bus
   pll_Prog_AT/CLKOUT1_DUTY[21]_PWR_306_o_div_24/Madd_a[31]_GND_3581_o_add_45_OU
   T_Madd_lut<31 : 16> on block NeuroSPADProbe_OBIS is not reconstructed,
   because there are some missing bus signals.
WARNING:NetListWriters:306 - Signal bus
   pll_Prog_AT/CLKOUT2_DUTY[21]_PWR_306_o_div_48/Madd_a[31]_GND_3581_o_add_45_OU
   T_Madd_lut<31 : 16> on block NeuroSPADProbe_OBIS is not reconstructed,
   because there are some missing bus signals.
WARNING:NetListWriters:306 - Signal bus
   pll_Prog_AT/CLKOUT3_DUTY[21]_PWR_306_o_div_72/Madd_a[31]_GND_3581_o_add_45_OU
   T_Madd_lut<31 : 16> on block NeuroSPADProbe_OBIS is not reconstructed,
   because there are some missing bus signals.
WARNING:NetListWriters:306 - Signal bus
   pll_Prog_AT/CLKOUT0_DUTY[21]_PWR_306_o_div_0/Madd_a[31]_GND_3581_o_add_43_OUT
   _Madd_lut<31 : 17> on block NeuroSPADProbe_OBIS is not reconstructed, because
   there are some missing bus signals.
WARNING:NetListWriters:306 - Signal bus
   pll_Prog_AT/CLKOUT1_DUTY[21]_PWR_306_o_div_24/Madd_a[31]_GND_3581_o_add_43_OU
   T_Madd_lut<31 : 17> on block NeuroSPADProbe_OBIS is not reconstructed,
   because there are some missing bus signals.
WARNING:NetListWriters:306 - Signal bus
   pll_Prog_AT/CLKOUT2_DUTY[21]_PWR_306_o_div_48/Madd_a[31]_GND_3581_o_add_43_OU
   T_Madd_lut<31 : 17> on block NeuroSPADProbe_OBIS is not reconstructed,
   because there are some missing bus signals.
WARNING:NetListWriters:306 - Signal bus
   pll_Prog_AT/CLKOUT3_DUTY[21]_PWR_306_o_div_72/Madd_a[31]_GND_3581_o_add_43_OU
   T_Madd_lut<31 : 17> on block NeuroSPADProbe_OBIS is not reconstructed,
   because there are some missing bus signals.
WARNING:NetListWriters:306 - Signal bus
   pll_Prog_AT/CLKOUT0_DUTY[21]_PWR_306_o_div_0/Madd_a[31]_GND_3581_o_add_41_OUT
   _Madd_lut<31 : 18> on block NeuroSPADProbe_OBIS is not reconstructed, because
   there are some missing bus signals.
WARNING:NetListWriters:306 - Signal bus
   pll_Prog_AT/CLKOUT1_DUTY[21]_PWR_306_o_div_24/Madd_a[31]_GND_3581_o_add_41_OU
   T_Madd_lut<31 : 18> on block NeuroSPADProbe_OBIS is not reconstructed,
   because there are some missing bus signals.
WARNING:NetListWriters:306 - Signal bus
   pll_Prog_AT/CLKOUT2_DUTY[21]_PWR_306_o_div_48/Madd_a[31]_GND_3581_o_add_41_OU
   T_Madd_lut<31 : 18> on block NeuroSPADProbe_OBIS is not reconstructed,
   because there are some missing bus signals.
WARNING:NetListWriters:306 - Signal bus
   pll_Prog_AT/CLKOUT3_DUTY[21]_PWR_306_o_div_72/Madd_a[31]_GND_3581_o_add_41_OU
   T_Madd_lut<31 : 18> on block NeuroSPADProbe_OBIS is not reconstructed,
   because there are some missing bus signals.
WARNING:NetListWriters:306 - Signal bus
   pll_Prog_AT/CLKOUT0_DUTY[21]_PWR_306_o_div_0/Madd_a[31]_GND_3581_o_add_39_OUT
   _Madd_lut<31 : 19> on block NeuroSPADProbe_OBIS is not reconstructed, because
   there are some missing bus signals.
WARNING:NetListWriters:306 - Signal bus
   pll_Prog_AT/CLKOUT1_DUTY[21]_PWR_306_o_div_24/Madd_a[31]_GND_3581_o_add_39_OU
   T_Madd_lut<31 : 19> on block NeuroSPADProbe_OBIS is not reconstructed,
   because there are some missing bus signals.
WARNING:NetListWriters:306 - Signal bus
   pll_Prog_AT/CLKOUT2_DUTY[21]_PWR_306_o_div_48/Madd_a[31]_GND_3581_o_add_39_OU
   T_Madd_lut<31 : 19> on block NeuroSPADProbe_OBIS is not reconstructed,
   because there are some missing bus signals.
WARNING:NetListWriters:306 - Signal bus
   pll_Prog_AT/CLKOUT3_DUTY[21]_PWR_306_o_div_72/Madd_a[31]_GND_3581_o_add_39_OU
   T_Madd_lut<31 : 19> on block NeuroSPADProbe_OBIS is not reconstructed,
   because there are some missing bus signals.
WARNING:NetListWriters:306 - Signal bus
   pll_Prog_AT/CLKOUT0_DUTY[21]_PWR_306_o_div_0/Madd_a[31]_GND_3581_o_add_37_OUT
   _Madd_lut<31 : 20> on block NeuroSPADProbe_OBIS is not reconstructed, because
   there are some missing bus signals.
WARNING:NetListWriters:306 - Signal bus
   pll_Prog_AT/CLKOUT1_DUTY[21]_PWR_306_o_div_24/Madd_a[31]_GND_3581_o_add_37_OU
   T_Madd_lut<31 : 20> on block NeuroSPADProbe_OBIS is not reconstructed,
   because there are some missing bus signals.
WARNING:NetListWriters:306 - Signal bus
   pll_Prog_AT/CLKOUT2_DUTY[21]_PWR_306_o_div_48/Madd_a[31]_GND_3581_o_add_37_OU
   T_Madd_lut<31 : 20> on block NeuroSPADProbe_OBIS is not reconstructed,
   because there are some missing bus signals.
WARNING:NetListWriters:306 - Signal bus
   pll_Prog_AT/CLKOUT3_DUTY[21]_PWR_306_o_div_72/Madd_a[31]_GND_3581_o_add_37_OU
   T_Madd_lut<31 : 20> on block NeuroSPADProbe_OBIS is not reconstructed,
   because there are some missing bus signals.
WARNING:NetListWriters:306 - Signal bus
   pll_Prog_AT/CLKOUT0_DUTY[21]_PWR_306_o_div_0/Madd_a[31]_b[16]_add_35_OUT_Madd
   _lut<29 : 21> on block NeuroSPADProbe_OBIS is not reconstructed, because
   there are some missing bus signals.
WARNING:NetListWriters:306 - Signal bus
   pll_Prog_AT/CLKOUT1_DUTY[21]_PWR_306_o_div_24/Madd_a[31]_b[16]_add_35_OUT_Mad
   d_lut<29 : 21> on block NeuroSPADProbe_OBIS is not reconstructed, because
   there are some missing bus signals.
WARNING:NetListWriters:306 - Signal bus
   pll_Prog_AT/CLKOUT2_DUTY[21]_PWR_306_o_div_48/Madd_a[31]_b[16]_add_35_OUT_Mad
   d_lut<29 : 21> on block NeuroSPADProbe_OBIS is not reconstructed, because
   there are some missing bus signals.
WARNING:NetListWriters:306 - Signal bus
   pll_Prog_AT/CLKOUT3_DUTY[21]_PWR_306_o_div_72/Madd_a[31]_b[16]_add_35_OUT_Mad
   d_lut<29 : 21> on block NeuroSPADProbe_OBIS is not reconstructed, because
   there are some missing bus signals.
WARNING:NetListWriters:306 - Signal bus pll_Prog_AT/Madd_n0318_Madd_lut<18 : 6>
   on block NeuroSPADProbe_OBIS is not reconstructed, because there are some
   missing bus signals.
WARNING:NetListWriters:306 - Signal bus pll_Prog_AT/Madd_n0303_Madd_lut<18 : 6>
   on block NeuroSPADProbe_OBIS is not reconstructed, because there are some
   missing bus signals.
WARNING:NetListWriters:306 - Signal bus pll_Prog_AT/Madd_n0288_Madd_lut<18 : 6>
   on block NeuroSPADProbe_OBIS is not reconstructed, because there are some
   missing bus signals.
WARNING:NetListWriters:306 - Signal bus pll_Prog_AT/Madd_n0273_Madd_lut<18 : 6>
   on block NeuroSPADProbe_OBIS is not reconstructed, because there are some
   missing bus signals.
WARNING:NetListWriters:306 - Signal bus pll_Prog_AT/n0352<27 : 6> on block
   NeuroSPADProbe_OBIS is not reconstructed, because there are some missing bus
   signals.
WARNING:NetListWriters:306 - Signal bus pll_Prog_AT/n0337<27 : 6> on block
   NeuroSPADProbe_OBIS is not reconstructed, because there are some missing bus
   signals.
WARNING:NetListWriters:306 - Signal bus
   pll_Prog_AT/CLKOUT3_DUTY[21]_GND_3580_o_mux_82_OUT<5 : 0> on block
   NeuroSPADProbe_OBIS is not reconstructed, because there are some missing bus
   signals.
WARNING:NetListWriters:306 - Signal bus
   pll_Prog_AT/CLKOUT2_DUTY[21]_GND_3580_o_mux_58_OUT<5 : 0> on block
   NeuroSPADProbe_OBIS is not reconstructed, because there are some missing bus
   signals.
WARNING:NetListWriters:306 - Signal bus
   pll_Prog_AT/CLKOUT1_DUTY[21]_GND_3580_o_mux_34_OUT<5 : 0> on block
   NeuroSPADProbe_OBIS is not reconstructed, because there are some missing bus
   signals.
WARNING:NetListWriters:306 - Signal bus pll_Prog_AT/n0322<27 : 6> on block
   NeuroSPADProbe_OBIS is not reconstructed, because there are some missing bus
   signals.
WARNING:NetListWriters:306 - Signal bus pll_Prog_AT/n0307<27 : 6> on block
   NeuroSPADProbe_OBIS is not reconstructed, because there are some missing bus
   signals.
WARNING:NetListWriters:306 - Signal bus pll_Prog_AT/n0292<27 : 6> on block
   NeuroSPADProbe_OBIS is not reconstructed, because there are some missing bus
   signals.
WARNING:NetListWriters:306 - Signal bus pll_Prog_AT/n0277<27 : 6> on block
   NeuroSPADProbe_OBIS is not reconstructed, because there are some missing bus
   signals.
  finished :Prep
Writing EDIF netlist file NeuroSPADProbe_OBIS.edif ...
ngc2edif: Total memory usage is 149452 kilobytes

Parsing EDIF File [./planAhead_run_4/NeuroSPADProbe_OBIS.data/cache/NeuroSPADProbe_OBIS_ngc_zx.edif]
Finished Parsing EDIF File [./planAhead_run_4/NeuroSPADProbe_OBIS.data/cache/NeuroSPADProbe_OBIS_ngc_zx.edif]
Release 14.7 - ngc2edif P.20131013 (nt64)
Copyright (c) 1995-2013 Xilinx, Inc.  All rights reserved.
Reading design FIFO_I128b_O32b.ngc ...
WARNING:NetListWriters:298 - No output is written to FIFO_I128b_O32b.xncf,
   ignored.
Processing design ...
   Preping design's networks ...
   Preping design's macros ...
  finished :Prep
Writing EDIF netlist file FIFO_I128b_O32b.edif ...
ngc2edif: Total memory usage is 80460 kilobytes

Reading core file 'C:/Dropbox/Lensless 3D imager/33 NeuroSPADProbe OK/at_modules/fifo/FIFO_I128b_O32b.ngc' for (cell view 'FIFO_I128b_O32b', library 'NeuroSPADProbe_OBIS_lib', file 'NeuroSPADProbe_OBIS.ngc')
Parsing EDIF File [./planAhead_run_4/NeuroSPADProbe_OBIS.data/cache/FIFO_I128b_O32b_ngc_zx.edif]
Finished Parsing EDIF File [./planAhead_run_4/NeuroSPADProbe_OBIS.data/cache/FIFO_I128b_O32b_ngc_zx.edif]
Release 14.7 - ngc2edif P.20131013 (nt64)
Copyright (c) 1995-2013 Xilinx, Inc.  All rights reserved.
Reading design okBTPipeOut.ngc ...
WARNING:NetListWriters:298 - No output is written to okBTPipeOut.xncf, ignored.
Processing design ...
   Preping design's networks ...
   Preping design's macros ...
  finished :Prep
Writing EDIF netlist file okBTPipeOut.edif ...
ngc2edif: Total memory usage is 79436 kilobytes

Reading core file 'C:/Dropbox/Lensless 3D imager/33 NeuroSPADProbe OK/at_modules/opalkelly/okBTPipeOut.ngc' for (cell view 'okBTPipeOut', library 'NeuroSPADProbe_OBIS_lib', file 'NeuroSPADProbe_OBIS.ngc')
Parsing EDIF File [./planAhead_run_4/NeuroSPADProbe_OBIS.data/cache/okBTPipeOut_ngc_zx.edif]
Finished Parsing EDIF File [./planAhead_run_4/NeuroSPADProbe_OBIS.data/cache/okBTPipeOut_ngc_zx.edif]
Release 14.7 - ngc2edif P.20131013 (nt64)
Copyright (c) 1995-2013 Xilinx, Inc.  All rights reserved.
Reading design okTriggerIn.ngc ...
WARNING:NetListWriters:298 - No output is written to okTriggerIn.xncf, ignored.
Processing design ...
   Preping design's networks ...
   Preping design's macros ...
  finished :Prep
Writing EDIF netlist file okTriggerIn.edif ...
ngc2edif: Total memory usage is 79436 kilobytes

Reading core file 'C:/Dropbox/Lensless 3D imager/33 NeuroSPADProbe OK/at_modules/opalkelly/okTriggerIn.ngc' for (cell view 'okTriggerIn', library 'NeuroSPADProbe_OBIS_lib', file 'NeuroSPADProbe_OBIS.ngc')
Parsing EDIF File [./planAhead_run_4/NeuroSPADProbe_OBIS.data/cache/okTriggerIn_ngc_zx.edif]
Finished Parsing EDIF File [./planAhead_run_4/NeuroSPADProbe_OBIS.data/cache/okTriggerIn_ngc_zx.edif]
Release 14.7 - ngc2edif P.20131013 (nt64)
Copyright (c) 1995-2013 Xilinx, Inc.  All rights reserved.
Reading design okTriggerOut.ngc ...
WARNING:NetListWriters:298 - No output is written to okTriggerOut.xncf, ignored.
Processing design ...
   Preping design's networks ...
   Preping design's macros ...
  finished :Prep
Writing EDIF netlist file okTriggerOut.edif ...
ngc2edif: Total memory usage is 79436 kilobytes

Reading core file 'C:/Dropbox/Lensless 3D imager/33 NeuroSPADProbe OK/at_modules/opalkelly/okTriggerOut.ngc' for (cell view 'okTriggerOut', library 'NeuroSPADProbe_OBIS_lib', file 'NeuroSPADProbe_OBIS.ngc')
Parsing EDIF File [./planAhead_run_4/NeuroSPADProbe_OBIS.data/cache/okTriggerOut_ngc_zx.edif]
Finished Parsing EDIF File [./planAhead_run_4/NeuroSPADProbe_OBIS.data/cache/okTriggerOut_ngc_zx.edif]
Release 14.7 - ngc2edif P.20131013 (nt64)
Copyright (c) 1995-2013 Xilinx, Inc.  All rights reserved.
Reading design okWireIn.ngc ...
WARNING:NetListWriters:298 - No output is written to okWireIn.xncf, ignored.
Processing design ...
   Preping design's networks ...
   Preping design's macros ...
  finished :Prep
Writing EDIF netlist file okWireIn.edif ...
ngc2edif: Total memory usage is 79052 kilobytes

Reading core file 'C:/Dropbox/Lensless 3D imager/33 NeuroSPADProbe OK/at_modules/opalkelly/okWireIn.ngc' for (cell view 'okWireIn', library 'NeuroSPADProbe_OBIS_lib', file 'NeuroSPADProbe_OBIS.ngc')
Parsing EDIF File [./planAhead_run_4/NeuroSPADProbe_OBIS.data/cache/okWireIn_ngc_zx.edif]
Finished Parsing EDIF File [./planAhead_run_4/NeuroSPADProbe_OBIS.data/cache/okWireIn_ngc_zx.edif]
Release 14.7 - ngc2edif P.20131013 (nt64)
Copyright (c) 1995-2013 Xilinx, Inc.  All rights reserved.
Reading design okWireOut.ngc ...
WARNING:NetListWriters:298 - No output is written to okWireOut.xncf, ignored.
Processing design ...
   Preping design's networks ...
   Preping design's macros ...
  finished :Prep
Writing EDIF netlist file okWireOut.edif ...
ngc2edif: Total memory usage is 80012 kilobytes

Reading core file 'C:/Dropbox/Lensless 3D imager/33 NeuroSPADProbe OK/at_modules/opalkelly/okWireOut.ngc' for (cell view 'okWireOut', library 'NeuroSPADProbe_OBIS_lib', file 'NeuroSPADProbe_OBIS.ngc')
Parsing EDIF File [./planAhead_run_4/NeuroSPADProbe_OBIS.data/cache/okWireOut_ngc_zx.edif]
Finished Parsing EDIF File [./planAhead_run_4/NeuroSPADProbe_OBIS.data/cache/okWireOut_ngc_zx.edif]
Release 14.7 - ngc2edif P.20131013 (nt64)
Copyright (c) 1995-2013 Xilinx, Inc.  All rights reserved.
Reading design okCoreHarness.ngc ...
WARNING:NetListWriters:298 - No output is written to okCoreHarness.xncf,
   ignored.
Processing design ...
   Preping design's networks ...
   Preping design's macros ...
  finished :Prep
Writing EDIF netlist file okCoreHarness.edif ...
ngc2edif: Total memory usage is 82508 kilobytes

Reading core file 'C:/Dropbox/Lensless 3D imager/33 NeuroSPADProbe OK/at_modules/opalkelly/okCoreHarness.ngc' for (cell view 'okCoreHarness', library 'NeuroSPADProbe_OBIS_lib', file 'NeuroSPADProbe_OBIS.ngc')
Parsing EDIF File [./planAhead_run_4/NeuroSPADProbe_OBIS.data/cache/okCoreHarness_ngc_zx.edif]
Finished Parsing EDIF File [./planAhead_run_4/NeuroSPADProbe_OBIS.data/cache/okCoreHarness_ngc_zx.edif]
Release 14.7 - ngc2edif P.20131013 (nt64)
Copyright (c) 1995-2013 Xilinx, Inc.  All rights reserved.
Reading design TFIFO64x8a_64x8b.ngc ...
WARNING:NetListWriters:298 - No output is written to TFIFO64x8a_64x8b.xncf,
   ignored.
Processing design ...
   Preping design's networks ...
   Preping design's macros ...
WARNING:NetListWriters:306 - Signal bus
   U0/grf.rf/rstblk/ngwrdrst.grst.rd_rst_reg<2 : 0> on block
   TFIFO64x8a_64x8b_fifo_generator_v6_2_xst_1 is not reconstructed, because
   there are some missing bus signals.
  finished :Prep
Writing EDIF netlist file TFIFO64x8a_64x8b.edif ...
ngc2edif: Total memory usage is 78732 kilobytes

Reading core file 'C:/Dropbox/Lensless 3D imager/33 NeuroSPADProbe OK/at_modules/opalkelly/TFIFO64x8a_64x8b.ngc' for (cell view 'TFIFO64x8a_64x8b', library 'okCoreHarness_lib', file 'okCoreHarness.ngc')
Parsing EDIF File [./planAhead_run_4/NeuroSPADProbe_OBIS.data/cache/TFIFO64x8a_64x8b_ngc_zx.edif]
Finished Parsing EDIF File [./planAhead_run_4/NeuroSPADProbe_OBIS.data/cache/TFIFO64x8a_64x8b_ngc_zx.edif]
Release 14.7 - ngc2edif P.20131013 (nt64)
Copyright (c) 1995-2013 Xilinx, Inc.  All rights reserved.
Reading design FIFO_I16b_O128b.ngc ...
WARNING:NetListWriters:298 - No output is written to FIFO_I16b_O128b.xncf,
   ignored.
Processing design ...
   Preping design's networks ...
   Preping design's macros ...
  finished :Prep
Writing EDIF netlist file FIFO_I16b_O128b.edif ...
ngc2edif: Total memory usage is 80268 kilobytes

Reading core file 'C:/Dropbox/Lensless 3D imager/33 NeuroSPADProbe OK/at_modules/fifo/FIFO_I16b_O128b.ngc' for (cell view 'FIFO_I16b_O128b', library 'NeuroSPADProbe_OBIS_lib', file 'NeuroSPADProbe_OBIS.ngc')
Parsing EDIF File [./planAhead_run_4/NeuroSPADProbe_OBIS.data/cache/FIFO_I16b_O128b_ngc_zx.edif]
Finished Parsing EDIF File [./planAhead_run_4/NeuroSPADProbe_OBIS.data/cache/FIFO_I16b_O128b_ngc_zx.edif]
INFO: [Netlist 29-17] Analyzing 119 Unisim elements for replacement
INFO: [Netlist 29-28] Unisim Transformation completed in 0 CPU seconds
WARNING: [Netlist 29-43] Netlist 'NeuroSPADProbe_OBIS' is not ideal for floorplanning, since the cellview 'NeuroSPADProbe_OBIS' defined in file 'NeuroSPADProbe_OBIS.ngc' contains large number of primitives.  Please consider enabling hierarchy in synthesis if you want to do floorplanning.
Loading clock regions from C:/Xilinx/14.7/ISE_DS/PlanAhead/data\parts/xilinx/spartan6/spartan6lx/xc6slx45/ClockRegion.xml
Loading clock buffers from C:/Xilinx/14.7/ISE_DS/PlanAhead/data\parts/xilinx/spartan6/spartan6lx/xc6slx45/ClockBuffers.xml
Loading package pin functions from C:/Xilinx/14.7/ISE_DS/PlanAhead/data\parts/xilinx/spartan6/PinFunctions.xml...
Loading package from C:/Xilinx/14.7/ISE_DS/PlanAhead/data\parts/xilinx/spartan6/spartan6lx/xc6slx45/fgg484/Package.xml
Loading io standards from C:/Xilinx/14.7/ISE_DS/PlanAhead/data\./parts/xilinx/spartan6/IOStandards.xml
Loading device configuration modes from C:/Xilinx/14.7/ISE_DS/PlanAhead/data\parts/xilinx/spartan6/ConfigModes.xml
Loading list of drcs for the architecture : C:/Xilinx/14.7/ISE_DS/PlanAhead/data\./parts/xilinx/spartan6/drc.xml
Parsing UCF File [C:/Dropbox/Lensless 3D imager/33 NeuroSPADProbe OK/at_modules/fifo/FIFO_I128b_O32b.ncf]
Finished Parsing UCF File [C:/Dropbox/Lensless 3D imager/33 NeuroSPADProbe OK/at_modules/fifo/FIFO_I128b_O32b.ncf]
Parsing UCF File [C:/Dropbox/Lensless 3D imager/33 NeuroSPADProbe OK/at_modules/fifo/FIFO_I16b_O128b.ncf]
Finished Parsing UCF File [C:/Dropbox/Lensless 3D imager/33 NeuroSPADProbe OK/at_modules/fifo/FIFO_I16b_O128b.ncf]
Parsing UCF File [C:/Dropbox/Lensless 3D imager/33 NeuroSPADProbe OK/Nov2018_quadprobe_v1_03mmfpc_pll_intclk/2019quadprobev1.ucf]
Finished Parsing UCF File [C:/Dropbox/Lensless 3D imager/33 NeuroSPADProbe OK/Nov2018_quadprobe_v1_03mmfpc_pll_intclk/2019quadprobev1.ucf]
INFO: [Project 1-111] Unisim Transformation Summary:
  A total of 119 instances were transformed.
  IOBUF => IOBUF (OBUFT, IBUF): 51 instances
  IOBUFDS => IOBUFDS (IBUFDS, OBUFTDS): 2 instances
  LUT6_2 => LUT6_2 (LUT6, LUT5): 50 instances
  RAM128X1S => RAM128X1S (RAMS64E, RAMS64E, MUXF7): 8 instances
  RAM32M => RAM32M (RAMD32, RAMD32, RAMD32, RAMD32, RAMD32, RAMD32, RAMS32, RAMS32): 4 instances
  RAM64M => RAM64M (RAMD64E, RAMD64E, RAMD64E, RAMD64E): 2 instances
  RAM64X1D => RAM64X1D (RAMD64E, RAMD64E): 2 instances

Phase 0 | Netlist Checksum: c59b0fdf
link_design: Time (s): elapsed = 00:01:43 . Memory (MB): peak = 719.992 ; gain = 319.938
exit
ERROR: [PlanAhead 12-106] *** Exception: ui.h.b: Found deleted key in HTclEventBroker. Verify if the classes listed here call cleanup()
HTclEvent: SIGNAL_BUS_MODIFY   Classes: ui.views.aR 
HTclEvent: DEBUG_CORE_CONFIG_CHANGE   Classes: ui.views.aR 
HTclEvent: DEBUG_PORT_CONFIG_CHANGE   Classes: ui.views.aR 
HTclEvent: SIGNAL_MODIFY   Classes: ui.views.aR 
 (See C:/Dropbox/Lensless 3D imager/33 NeuroSPADProbe OK/Nov2018_quadprobe_v1_03mmfpc_pll_intclk\planAhead_pid5572.debug)
ERROR: [Common 17-39] 'stop_gui' failed due to earlier errors.
INFO: [Common 17-206] Exiting PlanAhead at Mon Apr 22 17:48:55 2019...
INFO: [Common 17-83] Releasing license: PlanAhead
