Command line:
   SPI_masterslave_TB_isim_beh.exe
     -simmode  gui
     -simrunnum  0
     -socket  65453

Tue Sep 21 18:51:40 2021


 Elaboration Time: 1.95313 sec

 Current Memory Usage: 5822.7 Meg

 Total Signals          : 3201
 Total Nets             : 1844
 Total Signal Drivers   : 1473
 Total Blocks           : 459
 Total Primitive Blocks : 367
 Total Processes        : 1888
 Total Traceable Variables  : 138
 Total Scalar Nets and Variables : 3366
Total Line Count : 397

 Total Simulation Time: 2.1875 sec

 Current Memory Usage: 5822.7 Meg

Tue Sep 21 18:51:52 2021

