ISim log file
Running: D:\Dropbox\Graduation Research\76 Generalized VHDL for PCB\SPI_master\SPI_masterslave_TB_isim_beh.exe -intstyle ise -gui -tclbatch isim.cmd -wdb D:/Dropbox/Graduation Research/76 Generalized VHDL for PCB/SPI_master/SPI_masterslave_TB_isim_beh.wdb 
ISim P.20131013 (signature 0x7708f090)
WARNING: A WEBPACK license was found.
WARNING: Please use Xilinx License Configuration Manager to check out a full ISim license.
WARNING: ISim will run in Lite mode. Please refer to the ISim documentation for more information on the differences between the Lite and the Full version.
This is a Lite version of ISim.
Time resolution is 1 ps
# onerror resume
# wave add /
# run 1000 ns
Simulator is doing circuit initialization process.
Finished circuit initialization process.
# run 50.00us
at 1300 ns(2), Instance /spi_masterslave_tb/master/ : Warning: NUMERIC_STD.TO_UNSIGNED: vector truncated
at 1800 ns(2), Instance /spi_masterslave_tb/master/ : Warning: NUMERIC_STD.TO_UNSIGNED: vector truncated
at 2300 ns(2), Instance /spi_masterslave_tb/master/ : Warning: NUMERIC_STD.TO_UNSIGNED: vector truncated
at 2800 ns(2), Instance /spi_masterslave_tb/master/ : Warning: NUMERIC_STD.TO_UNSIGNED: vector truncated
at 3300 ns(2), Instance /spi_masterslave_tb/master/ : Warning: NUMERIC_STD.TO_UNSIGNED: vector truncated
at 3800 ns(2), Instance /spi_masterslave_tb/master/ : Warning: NUMERIC_STD.TO_UNSIGNED: vector truncated
at 4300 ns(2), Instance /spi_masterslave_tb/master/ : Warning: NUMERIC_STD.TO_UNSIGNED: vector truncated
at 4800 ns(2), Instance /spi_masterslave_tb/master/ : Warning: NUMERIC_STD.TO_UNSIGNED: vector truncated
at 5300 ns(2), Instance /spi_masterslave_tb/master/ : Warning: NUMERIC_STD.TO_UNSIGNED: vector truncated
at 5800 ns(2), Instance /spi_masterslave_tb/master/ : Warning: NUMERIC_STD.TO_UNSIGNED: vector truncated
at 21300 ns(2), Instance /spi_masterslave_tb/master/ : Warning: NUMERIC_STD.TO_UNSIGNED: vector truncated
at 21800 ns(2), Instance /spi_masterslave_tb/master/ : Warning: NUMERIC_STD.TO_UNSIGNED: vector truncated
at 22300 ns(2), Instance /spi_masterslave_tb/master/ : Warning: NUMERIC_STD.TO_UNSIGNED: vector truncated
at 22800 ns(2), Instance /spi_masterslave_tb/master/ : Warning: NUMERIC_STD.TO_UNSIGNED: vector truncated
at 23300 ns(2), Instance /spi_masterslave_tb/master/ : Warning: NUMERIC_STD.TO_UNSIGNED: vector truncated
at 23800 ns(2), Instance /spi_masterslave_tb/master/ : Warning: NUMERIC_STD.TO_UNSIGNED: vector truncated
at 24300 ns(2), Instance /spi_masterslave_tb/master/ : Warning: NUMERIC_STD.TO_UNSIGNED: vector truncated
at 24800 ns(2), Instance /spi_masterslave_tb/master/ : Warning: NUMERIC_STD.TO_UNSIGNED: vector truncated
at 25300 ns(2), Instance /spi_masterslave_tb/master/ : Warning: NUMERIC_STD.TO_UNSIGNED: vector truncated
at 25800 ns(2), Instance /spi_masterslave_tb/master/ : Warning: NUMERIC_STD.TO_UNSIGNED: vector truncated
