INFO:sim:172 - Generating IP...
Applying current project options...
Finished applying current project options.
WARNING:sim - A core named 'FIFO_I1024_O128b' already exists in the project.
   Output products for this core may be overwritten.
Resolving generics for 'FIFO_I1024_O128b'...
WARNING:sim - A core named 'FIFO_I1024_O128b' already exists in the project.
   Output products for this core may be overwritten.
Applying external generics to 'FIFO_I1024_O128b'...
Delivering associated files for 'FIFO_I1024_O128b'...
Delivering EJava files for 'FIFO_I1024_O128b'...
Generating implementation netlist for 'FIFO_I1024_O128b'...
INFO:sim - Pre-processing HDL files for 'FIFO_I1024_O128b'...
WARNING:sim - BlackBox generator run option '-ifmt' found multiple times. Only
   the first occurence is considered.
Running synthesis for 'FIFO_I1024_O128b'
Running ngcbuild...
Writing VHO instantiation template for 'FIFO_I1024_O128b'...
Writing VHDL behavioral simulation model for 'FIFO_I1024_O128b'...
WARNING:sim - Overwriting existing file
   /u5/adriaantaal/Xilinx/at_modules/fifo/tmp/_cg/FIFO_I1024_O128b/doc/fifo_gene
   rator_v9_3_vinfo.html with file from view xilinx_documentation
Delivered 3 files into directory
/u5/adriaantaal/Xilinx/at_modules/fifo/tmp/_cg/FIFO_I1024_O128b
Delivered 1 file into directory
/u5/adriaantaal/Xilinx/at_modules/fifo/tmp/_cg/FIFO_I1024_O128b
Generating ASY schematic symbol...
INFO:sim:949 - Finished generation of ASY schematic symbol.
Generating SYM schematic symbol for 'FIFO_I1024_O128b'...
Generating metadata file...
Regenerating ISE project file for 'FIFO_I1024_O128b'...
Generating ISE project...
XCO file found: FIFO_I1024_O128b.xco
XMDF file found: FIFO_I1024_O128b_xmdf.tcl
Adding /u5/adriaantaal/Xilinx/at_modules/fifo/tmp/_cg/FIFO_I1024_O128b.asy -view
all -origin_type imported
Adding /u5/adriaantaal/Xilinx/at_modules/fifo/tmp/_cg/FIFO_I1024_O128b.ngc -view
all -origin_type created
Checking file
"/u5/adriaantaal/Xilinx/at_modules/fifo/tmp/_cg/FIFO_I1024_O128b.ngc" for
project device match ...
File "/u5/adriaantaal/Xilinx/at_modules/fifo/tmp/_cg/FIFO_I1024_O128b.ngc"
device information matches project device.
Adding /u5/adriaantaal/Xilinx/at_modules/fifo/tmp/_cg/FIFO_I1024_O128b.sym -view
all -origin_type imported
Adding /u5/adriaantaal/Xilinx/at_modules/fifo/tmp/_cg/FIFO_I1024_O128b.vhd -view
all -origin_type created
INFO:HDLCompiler:1061 - Parsing VHDL file
   "/u5/adriaantaal/Xilinx/at_modules/fifo/tmp/_cg/FIFO_I1024_O128b.vhd" into
   library work
INFO:ProjectMgmt - Parsing design hierarchy completed successfully.
Adding /u5/adriaantaal/Xilinx/at_modules/fifo/tmp/_cg/FIFO_I1024_O128b.vho -view
all -origin_type imported
INFO:TclTasksC:2116 - The automatic calculation of top has been turned-off.
   Please set the new top explicitly by running the "project set top" command.
   To re-calculate the new top automatically, set the "Auto Implementation Top"
   property to true.
Top level has been set to "/FIFO_I1024_O128b"
Generating README file...
Generating FLIST file...
INFO:sim:948 - Finished FLIST file generation.
Launching README viewer...
Moving files to output directory...
Finished moving files to output directory
Wrote CGP file for project 'FIFO_I1024_O128b'.
